<?xml version="1.0" encoding="UTF-8"?>
<testsuite name="bootcamp.kata.process.ProcessorTests" tests="3" skipped="0" failures="0" errors="0" timestamp="2020-04-02T15:40:07" hostname="Glorias-MacBook-Pro.local" time="0.003">
  <properties/>
  <testcase name="testProcess" classname="bootcamp.kata.process.ProcessorTests" time="0.003"/>
  <testcase name="testProcessWithXZero" classname="bootcamp.kata.process.ProcessorTests" time="0.0"/>
  <testcase name="testProcessWithYZero" classname="bootcamp.kata.process.ProcessorTests" time="0.0"/>
  <system-out><![CDATA[]]></system-out>
  <system-err><![CDATA[]]></system-err>
</testsuite>
