<?xml version="1.0" encoding="UTF-8"?>
<testsuite name="bootcamp.calculator.CalculatorTests" tests="6" skipped="0" failures="0" errors="0" timestamp="2020-04-03T10:41:53" hostname="Wills-MacBook-Pro.local" time="0.006">
  <properties/>
  <testcase name="testAdd" classname="bootcamp.calculator.CalculatorTests" time="0.003"/>
  <testcase name="testSubtract" classname="bootcamp.calculator.CalculatorTests" time="0.0"/>
  <testcase name="testDivideBy0" classname="bootcamp.calculator.CalculatorTests" time="0.0"/>
  <testcase name="testIncorrectOperator" classname="bootcamp.calculator.CalculatorTests" time="0.0"/>
  <testcase name="testMutiply" classname="bootcamp.calculator.CalculatorTests" time="0.0"/>
  <testcase name="testDivide" classname="bootcamp.calculator.CalculatorTests" time="0.001"/>
  <system-out><![CDATA[]]></system-out>
  <system-err><![CDATA[]]></system-err>
</testsuite>
